"_raw","_time",host,index,linecount,source,sourcetype,"splunk_server"
"<Event xmlns='http://schemas.microsoft.com/win/2004/08/events/event'><System><Provider Name='Microsoft-Windows-Security-Auditing' Guid='{54849625-5478-4994-a5ba-3e3b0328c30d}'/><EventID>4625</EventID><Version>0</Version><Level>0</Level><Task>12544</Task><Opcode>0</Opcode><Keywords>0x8010000000000000</Keywords><TimeCreated SystemTime='2026-10-09T17:48:07.7926429Z'/><EventRecordID>78766</EventRecordID><Correlation ActivityID='{e369246d-5810-0002-e024-69e31058dd01}'/><Execution ProcessID='828' ThreadID='908'/><Channel>Security</Channel><Computer>Windows11off</Computer><Security/></System><EventData><Data Name='SubjectUserSid'>S-1-0-0</Data><Data Name='SubjectUserName'>-</Data><Data Name='SubjectDomainName'>-</Data><Data Name='SubjectLogonId'>0x0</Data><Data Name='TargetUserSid'>S-1-0-0</Data><Data Name='TargetUserName'>SOC-Test</Data><Data Name='TargetDomainName'>WORKGROUP</Data><Data Name='Status'>0xc000006d</Data><Data Name='FailureReason'>%%2313</Data><Data Name='SubStatus'>0xc000006a</Data><Data Name='LogonType'>3</Data><Data Name='LogonProcessName'>NtLmSsp </Data><Data Name='AuthenticationPackageName'>NTLM</Data><Data Name='WorkstationName'>KALI</Data><Data Name='TransmittedServices'>-</Data><Data Name='LmPackageName'>-</Data><Data Name='KeyLength'>0</Data><Data Name='ProcessId'>0x0</Data><Data Name='ProcessName'>-</Data><Data Name='IpAddress'>192.168.20.20</Data><Data Name='IpPort'>54046</Data></EventData></Event>","2026-10-09T17:48:07.792+0000",Windows11off,"security_logs",1,"WinEventLog:Security","XmlWinEventLog:Security","splunk-server"
"<Event xmlns='http://schemas.microsoft.com/win/2004/08/events/event'><System><Provider Name='Microsoft-Windows-Security-Auditing' Guid='{54849625-5478-4994-a5ba-3e3b0328c30d}'/><EventID>4625</EventID><Version>0</Version><Level>0</Level><Task>12544</Task><Opcode>0</Opcode><Keywords>0x8010000000000000</Keywords><TimeCreated SystemTime='2026-10-09T17:48:06.2552043Z'/><EventRecordID>78765</EventRecordID><Correlation ActivityID='{e369246d-5810-0002-e024-69e31058dd01}'/><Execution ProcessID='828' ThreadID='908'/><Channel>Security</Channel><Computer>Windows11off</Computer><Security/></System><EventData><Data Name='SubjectUserSid'>S-1-0-0</Data><Data Name='SubjectUserName'>-</Data><Data Name='SubjectDomainName'>-</Data><Data Name='SubjectLogonId'>0x0</Data><Data Name='TargetUserSid'>S-1-0-0</Data><Data Name='TargetUserName'>SOC-Test</Data><Data Name='TargetDomainName'>WORKGROUP</Data><Data Name='Status'>0xc000006d</Data><Data Name='FailureReason'>%%2313</Data><Data Name='SubStatus'>0xc000006a</Data><Data Name='LogonType'>3</Data><Data Name='LogonProcessName'>NtLmSsp </Data><Data Name='AuthenticationPackageName'>NTLM</Data><Data Name='WorkstationName'>KALI</Data><Data Name='TransmittedServices'>-</Data><Data Name='LmPackageName'>-</Data><Data Name='KeyLength'>0</Data><Data Name='ProcessId'>0x0</Data><Data Name='ProcessName'>-</Data><Data Name='IpAddress'>192.168.20.20</Data><Data Name='IpPort'>54036</Data></EventData></Event>","2026-10-09T17:48:06.255+0000",Windows11off,"security_logs",1,"WinEventLog:Security","XmlWinEventLog:Security","splunk-server"
"<Event xmlns='http://schemas.microsoft.com/win/2004/08/events/event'><System><Provider Name='Microsoft-Windows-Security-Auditing' Guid='{54849625-5478-4994-a5ba-3e3b0328c30d}'/><EventID>4625</EventID><Version>0</Version><Level>0</Level><Task>12544</Task><Opcode>0</Opcode><Keywords>0x8010000000000000</Keywords><TimeCreated SystemTime='2026-10-09T17:48:04.4903200Z'/><EventRecordID>78764</EventRecordID><Correlation ActivityID='{e369246d-5810-0002-e024-69e31058dd01}'/><Execution ProcessID='828' ThreadID='908'/><Channel>Security</Channel><Computer>Windows11off</Computer><Security/></System><EventData><Data Name='SubjectUserSid'>S-1-0-0</Data><Data Name='SubjectUserName'>-</Data><Data Name='SubjectDomainName'>-</Data><Data Name='SubjectLogonId'>0x0</Data><Data Name='TargetUserSid'>S-1-0-0</Data><Data Name='TargetUserName'>SOC-Test</Data><Data Name='TargetDomainName'>WORKGROUP</Data><Data Name='Status'>0xc000006d</Data><Data Name='FailureReason'>%%2313</Data><Data Name='SubStatus'>0xc000006a</Data><Data Name='LogonType'>3</Data><Data Name='LogonProcessName'>NtLmSsp </Data><Data Name='AuthenticationPackageName'>NTLM</Data><Data Name='WorkstationName'>KALI</Data><Data Name='TransmittedServices'>-</Data><Data Name='LmPackageName'>-</Data><Data Name='KeyLength'>0</Data><Data Name='ProcessId'>0x0</Data><Data Name='ProcessName'>-</Data><Data Name='IpAddress'>192.168.20.20</Data><Data Name='IpPort'>43150</Data></EventData></Event>","2026-10-09T17:48:04.490+0000",Windows11off,"security_logs",1,"WinEventLog:Security","XmlWinEventLog:Security","splunk-server"
"<Event xmlns='http://schemas.microsoft.com/win/2004/08/events/event'><System><Provider Name='Microsoft-Windows-Security-Auditing' Guid='{54849625-5478-4994-a5ba-3e3b0328c30d}'/><EventID>4625</EventID><Version>0</Version><Level>0</Level><Task>12544</Task><Opcode>0</Opcode><Keywords>0x8010000000000000</Keywords><TimeCreated SystemTime='2026-10-09T17:48:02.7930338Z'/><EventRecordID>78763</EventRecordID><Correlation ActivityID='{e369246d-5810-0002-e024-69e31058dd01}'/><Execution ProcessID='828' ThreadID='908'/><Channel>Security</Channel><Computer>Windows11off</Computer><Security/></System><EventData><Data Name='SubjectUserSid'>S-1-0-0</Data><Data Name='SubjectUserName'>-</Data><Data Name='SubjectDomainName'>-</Data><Data Name='SubjectLogonId'>0x0</Data><Data Name='TargetUserSid'>S-1-0-0</Data><Data Name='TargetUserName'>SOC-Test</Data><Data Name='TargetDomainName'>WORKGROUP</Data><Data Name='Status'>0xc000006d</Data><Data Name='FailureReason'>%%2313</Data><Data Name='SubStatus'>0xc000006a</Data><Data Name='LogonType'>3</Data><Data Name='LogonProcessName'>NtLmSsp </Data><Data Name='AuthenticationPackageName'>NTLM</Data><Data Name='WorkstationName'>KALI</Data><Data Name='TransmittedServices'>-</Data><Data Name='LmPackageName'>-</Data><Data Name='KeyLength'>0</Data><Data Name='ProcessId'>0x0</Data><Data Name='ProcessName'>-</Data><Data Name='IpAddress'>192.168.20.20</Data><Data Name='IpPort'>43142</Data></EventData></Event>","2026-10-09T17:48:02.793+0000",Windows11off,"security_logs",1,"WinEventLog:Security","XmlWinEventLog:Security","splunk-server"
"<Event xmlns='http://schemas.microsoft.com/win/2004/08/events/event'><System><Provider Name='Microsoft-Windows-Security-Auditing' Guid='{54849625-5478-4994-a5ba-3e3b0328c30d}'/><EventID>4625</EventID><Version>0</Version><Level>0</Level><Task>12544</Task><Opcode>0</Opcode><Keywords>0x8010000000000000</Keywords><TimeCreated SystemTime='2026-10-09T17:48:00.9898130Z'/><EventRecordID>78762</EventRecordID><Correlation ActivityID='{e369246d-5810-0002-e024-69e31058dd01}'/><Execution ProcessID='828' ThreadID='908'/><Channel>Security</Channel><Computer>Windows11off</Computer><Security/></System><EventData><Data Name='SubjectUserSid'>S-1-0-0</Data><Data Name='SubjectUserName'>-</Data><Data Name='SubjectDomainName'>-</Data><Data Name='SubjectLogonId'>0x0</Data><Data Name='TargetUserSid'>S-1-0-0</Data><Data Name='TargetUserName'>SOC-Test</Data><Data Name='TargetDomainName'>WORKGROUP</Data><Data Name='Status'>0xc000006d</Data><Data Name='FailureReason'>%%2313</Data><Data Name='SubStatus'>0xc000006a</Data><Data Name='LogonType'>3</Data><Data Name='LogonProcessName'>NtLmSsp </Data><Data Name='AuthenticationPackageName'>NTLM</Data><Data Name='WorkstationName'>KALI</Data><Data Name='TransmittedServices'>-</Data><Data Name='LmPackageName'>-</Data><Data Name='KeyLength'>0</Data><Data Name='ProcessId'>0x0</Data><Data Name='ProcessName'>-</Data><Data Name='IpAddress'>192.168.20.20</Data><Data Name='IpPort'>43130</Data></EventData></Event>","2026-10-09T17:48:00.989+0000",Windows11off,"security_logs",1,"WinEventLog:Security","XmlWinEventLog:Security","splunk-server"
